<?xml version="1.0" encoding="UTF-8"?>
<testng-results ignored="0" total="8" passed="6" failed="2" skipped="0">
  <reporter-output>
  </reporter-output>
  <suite started-at="2026-04-18T21:30:53 IST" name="ITSMSuite" finished-at="2026-04-18T21:34:25 IST" duration-ms="212324">
    <groups>
    </groups>
    <test started-at="2026-04-18T21:30:53 IST" name="ITSMChromeTest" finished-at="2026-04-18T21:32:42 IST" duration-ms="109717">
      <class name="com.WebAutomation.Tests.LoginTests">
        <test-method is-config="true" signature="setup(java.lang.String)[pri:0, instance:com.WebAutomation.Tests.LoginTests@359f7cdf]" started-at="2026-04-18T21:30:54 IST" name="setup" finished-at="2026-04-18T21:31:09 IST" duration-ms="15576" status="PASS">
          <params>
            <param index="0">
              <value>
                <![CDATA[Chrome]]>
              </value>
            </param>
          </params>
          <reporter-output>
          </reporter-output>
        </test-method> <!-- setup -->
        <test-method signature="tc001_verifyLoginFunctionality(java.lang.String,java.lang.String)[pri:0, instance:com.WebAutomation.Tests.LoginTests@359f7cdf]" started-at="2026-04-18T21:31:09 IST" name="tc001_verifyLoginFunctionality" data-provider="Get Login Data" finished-at="2026-04-18T21:31:32 IST" duration-ms="22669" status="FAIL">
          <params>
            <param index="0">
              <value>
                <![CDATA[admin]]>
              </value>
            </param>
            <param index="1">
              <value>
                <![CDATA[63JIezx/Qk+B

]]>
              </value>
            </param>
          </params>
          <exception class="org.openqa.selenium.NoSuchElementException">
            <message>
              <![CDATA[no such element: Unable to locate element: {"method":"xpath","selector":"//button[@id='mask_icon']"}
  (Session info: chrome=147.0.7727.57)
For documentation on this error, please visit: https://www.selenium.dev/documentation/webdriver/troubleshooting/errors#nosuchelementexception
Build info: version: '4.41.0', revision: '9fc754f'
System info: os.name: 'Windows 11', os.arch: 'amd64', os.version: '10.0', java.version: '21.0.6'
Driver info: org.openqa.selenium.chrome.ChromeDriver
Command: [05806c1d8429b937960476971b6803e9, findElement {value=//button[@id='mask_icon'], using=xpath}]
Capabilities {acceptInsecureCerts: false, browserName: chrome, browserVersion: 147.0.7727.57, chrome: {chromedriverVersion: 147.0.7727.57 (b4f28b5637d0..., userDataDir: C:\Users\aparg\AppData\Loca...}, fedcm:accounts: true, goog:chromeOptions: {debuggerAddress: localhost:9300}, goog:processID: 2500, networkConnectionEnabled: false, pageLoadStrategy: normal, platformName: windows, proxy: Proxy(), se:cdp: ws://localhost:9300/devtool..., se:cdpVersion: 147.0.7727.57, setWindowRect: true, strictFileInteractability: false, timeouts: {implicit: 0, pageLoad: 300000, script: 30000}, unhandledPromptBehavior: dismiss and notify, webauthn:extension:credBlob: true, webauthn:extension:largeBlob: true, webauthn:extension:minPinLength: true, webauthn:extension:prf: true, webauthn:virtualAuthenticators: true}
Session ID: 05806c1d8429b937960476971b6803e9]]>
            </message>
            <full-stacktrace>
              <![CDATA[org.openqa.selenium.NoSuchElementException: no such element: Unable to locate element: {"method":"xpath","selector":"//button[@id='mask_icon']"}
  (Session info: chrome=147.0.7727.57)
For documentation on this error, please visit: https://www.selenium.dev/documentation/webdriver/troubleshooting/errors#nosuchelementexception
Build info: version: '4.41.0', revision: '9fc754f'
System info: os.name: 'Windows 11', os.arch: 'amd64', os.version: '10.0', java.version: '21.0.6'
Driver info: org.openqa.selenium.chrome.ChromeDriver
Command: [05806c1d8429b937960476971b6803e9, findElement {value=//button[@id='mask_icon'], using=xpath}]
Capabilities {acceptInsecureCerts: false, browserName: chrome, browserVersion: 147.0.7727.57, chrome: {chromedriverVersion: 147.0.7727.57 (b4f28b5637d0..., userDataDir: C:\Users\aparg\AppData\Loca...}, fedcm:accounts: true, goog:chromeOptions: {debuggerAddress: localhost:9300}, goog:processID: 2500, networkConnectionEnabled: false, pageLoadStrategy: normal, platformName: windows, proxy: Proxy(), se:cdp: ws://localhost:9300/devtool..., se:cdpVersion: 147.0.7727.57, setWindowRect: true, strictFileInteractability: false, timeouts: {implicit: 0, pageLoad: 300000, script: 30000}, unhandledPromptBehavior: dismiss and notify, webauthn:extension:credBlob: true, webauthn:extension:largeBlob: true, webauthn:extension:minPinLength: true, webauthn:extension:prf: true, webauthn:virtualAuthenticators: true}
Session ID: 05806c1d8429b937960476971b6803e9
at org.openqa.selenium.remote.ErrorCodec.decode(ErrorCodec.java:169)
at org.openqa.selenium.remote.codec.w3c.W3CHttpResponseCodec.decode(W3CHttpResponseCodec.java:142)
at org.openqa.selenium.remote.codec.w3c.W3CHttpResponseCodec.decode(W3CHttpResponseCodec.java:49)
at org.openqa.selenium.remote.HttpCommandExecutor.execute(HttpCommandExecutor.java:223)
at org.openqa.selenium.remote.service.DriverCommandExecutor.invokeExecute(DriverCommandExecutor.java:216)
at org.openqa.selenium.remote.service.DriverCommandExecutor.execute(DriverCommandExecutor.java:174)
at org.openqa.selenium.remote.RemoteWebDriver.execute(RemoteWebDriver.java:604)
at org.openqa.selenium.remote.ElementLocation$ElementFinder$2.findElement(ElementLocation.java:166)
at org.openqa.selenium.remote.ElementLocation.findElement(ElementLocation.java:60)
at org.openqa.selenium.remote.RemoteWebDriver.findElement(RemoteWebDriver.java:427)
at org.openqa.selenium.remote.RemoteWebDriver.findElement(RemoteWebDriver.java:421)
at com.WebAutomation.Pages.LoginPage.showPassword(LoginPage.java:37)
at com.WebAutomation.Tests.LoginTests.tc001_verifyLoginFunctionality(LoginTests.java:16)
at java.base/jdk.internal.reflect.DirectMethodHandleAccessor.invoke(DirectMethodHandleAccessor.java:103)
at java.base/java.lang.reflect.Method.invoke(Method.java:580)
at org.testng.internal.invokers.MethodInvocationHelper.invokeMethod(MethodInvocationHelper.java:141)
at org.testng.internal.invokers.TestInvoker.invokeMethod(TestInvoker.java:687)
at org.testng.internal.invokers.TestInvoker.invokeTestMethod(TestInvoker.java:230)
at org.testng.internal.invokers.MethodRunner.runInSequence(MethodRunner.java:63)
at org.testng.internal.invokers.TestInvoker$MethodInvocationAgent.invoke(TestInvoker.java:995)
at org.testng.internal.invokers.TestInvoker.invokeTestMethods(TestInvoker.java:203)
at org.testng.internal.invokers.TestMethodWorker.invokeTestMethods(TestMethodWorker.java:154)
at org.testng.internal.invokers.TestMethodWorker.run(TestMethodWorker.java:134)
at java.base/java.util.ArrayList.forEach(ArrayList.java:1596)
at org.testng.TestRunner.privateRun(TestRunner.java:741)
at org.testng.TestRunner.run(TestRunner.java:616)
at org.testng.SuiteRunner.runTest(SuiteRunner.java:421)
at org.testng.SuiteRunner.runSequentially(SuiteRunner.java:413)
at org.testng.SuiteRunner.privateRun(SuiteRunner.java:373)
at org.testng.SuiteRunner.run(SuiteRunner.java:312)
at org.testng.SuiteRunnerWorker.runSuite(SuiteRunnerWorker.java:52)
at org.testng.SuiteRunnerWorker.run(SuiteRunnerWorker.java:95)
at org.testng.TestNG.runSuitesSequentially(TestNG.java:1274)
at org.testng.TestNG.runSuitesLocally(TestNG.java:1208)
at org.testng.TestNG.runSuites(TestNG.java:1112)
at org.testng.TestNG.run(TestNG.java:1079)
at org.apache.maven.surefire.testng.TestNGExecutor.run(TestNGExecutor.java:308)
at org.apache.maven.surefire.testng.TestNGXmlTestSuite.execute(TestNGXmlTestSuite.java:71)
at org.apache.maven.surefire.testng.TestNGProvider.invoke(TestNGProvider.java:113)
at org.apache.maven.surefire.booter.ForkedBooter.runSuitesInProcess(ForkedBooter.java:385)
at org.apache.maven.surefire.booter.ForkedBooter.execute(ForkedBooter.java:162)
at org.apache.maven.surefire.booter.ForkedBooter.run(ForkedBooter.java:507)
at org.apache.maven.surefire.booter.ForkedBooter.main(ForkedBooter.java:495)
]]>
            </full-stacktrace>
          </exception> <!-- org.openqa.selenium.NoSuchElementException -->
          <reporter-output>
          </reporter-output>
        </test-method> <!-- tc001_verifyLoginFunctionality -->
        <test-method is-config="true" signature="tearown(org.testng.ITestResult)[pri:0, instance:com.WebAutomation.Tests.LoginTests@359f7cdf]" started-at="2026-04-18T21:31:32 IST" name="tearown" finished-at="2026-04-18T21:31:32 IST" duration-ms="485" status="PASS">
          <params>
            <param index="0">
              <value>
                <![CDATA[[TestResult name=tc001_verifyLoginFunctionality status=FAILURE method=LoginTests.tc001_verifyLoginFunctionality(java.lang.String,java.lang.String)[pri:0, instance:com.WebAutomation.Tests.LoginTests@359f7cdf] output={null}]]]>
              </value>
            </param>
          </params>
          <reporter-output>
          </reporter-output>
        </test-method> <!-- tearown -->
        <test-method is-config="true" signature="setup(java.lang.String)[pri:0, instance:com.WebAutomation.Tests.LoginTests@359f7cdf]" started-at="2026-04-18T21:31:32 IST" name="setup" finished-at="2026-04-18T21:31:38 IST" duration-ms="5667" status="PASS">
          <params>
            <param index="0">
              <value>
                <![CDATA[Chrome]]>
              </value>
            </param>
          </params>
          <reporter-output>
          </reporter-output>
        </test-method> <!-- setup -->
        <test-method signature="tc001_verifyLoginFunctionality(java.lang.String,java.lang.String)[pri:0, instance:com.WebAutomation.Tests.LoginTests@359f7cdf]" started-at="2026-04-18T21:31:38 IST" name="tc001_verifyLoginFunctionality" data-provider="Get Login Data" finished-at="2026-04-18T21:31:57 IST" duration-ms="18460" status="PASS">
          <params>
            <param index="0">
              <value>
                <![CDATA[admin ]]>
              </value>
            </param>
            <param index="1">
              <value>
                <![CDATA[pU5m0$PWk=v]]>
              </value>
            </param>
          </params>
          <reporter-output>
          </reporter-output>
        </test-method> <!-- tc001_verifyLoginFunctionality -->
        <test-method is-config="true" signature="tearown(org.testng.ITestResult)[pri:0, instance:com.WebAutomation.Tests.LoginTests@359f7cdf]" started-at="2026-04-18T21:31:57 IST" name="tearown" finished-at="2026-04-18T21:31:57 IST" duration-ms="285" status="PASS">
          <params>
            <param index="0">
              <value>
                <![CDATA[[TestResult name=tc001_verifyLoginFunctionality status=SUCCESS method=LoginTests.tc001_verifyLoginFunctionality(java.lang.String,java.lang.String)[pri:0, instance:com.WebAutomation.Tests.LoginTests@359f7cdf] output={null}]]]>
              </value>
            </param>
          </params>
          <reporter-output>
          </reporter-output>
        </test-method> <!-- tearown -->
        <test-method is-config="true" signature="setup(java.lang.String)[pri:0, instance:com.WebAutomation.Tests.LoginTests@359f7cdf]" started-at="2026-04-18T21:31:57 IST" name="setup" finished-at="2026-04-18T21:32:03 IST" duration-ms="6273" status="PASS">
          <params>
            <param index="0">
              <value>
                <![CDATA[Chrome]]>
              </value>
            </param>
          </params>
          <reporter-output>
          </reporter-output>
        </test-method> <!-- setup -->
        <test-method signature="tc001_verifyLoginFunctionality(java.lang.String,java.lang.String)[pri:0, instance:com.WebAutomation.Tests.LoginTests@359f7cdf]" started-at="2026-04-18T21:32:03 IST" name="tc001_verifyLoginFunctionality" data-provider="Get Login Data" finished-at="2026-04-18T21:32:19 IST" duration-ms="16224" status="PASS">
          <params>
            <param index="0">
              <value>
                <![CDATA[admin 3]]>
              </value>
            </param>
            <param index="1">
              <value>
                <![CDATA[pU5m0$PWk=vU]]>
              </value>
            </param>
          </params>
          <reporter-output>
          </reporter-output>
        </test-method> <!-- tc001_verifyLoginFunctionality -->
        <test-method is-config="true" signature="tearown(org.testng.ITestResult)[pri:0, instance:com.WebAutomation.Tests.LoginTests@359f7cdf]" started-at="2026-04-18T21:32:19 IST" name="tearown" finished-at="2026-04-18T21:32:20 IST" duration-ms="289" status="PASS">
          <params>
            <param index="0">
              <value>
                <![CDATA[[TestResult name=tc001_verifyLoginFunctionality status=SUCCESS method=LoginTests.tc001_verifyLoginFunctionality(java.lang.String,java.lang.String)[pri:0, instance:com.WebAutomation.Tests.LoginTests@359f7cdf] output={null}]]]>
              </value>
            </param>
          </params>
          <reporter-output>
          </reporter-output>
        </test-method> <!-- tearown -->
        <test-method is-config="true" signature="setup(java.lang.String)[pri:0, instance:com.WebAutomation.Tests.LoginTests@359f7cdf]" started-at="2026-04-18T21:32:20 IST" name="setup" finished-at="2026-04-18T21:32:26 IST" duration-ms="6485" status="PASS">
          <params>
            <param index="0">
              <value>
                <![CDATA[Chrome]]>
              </value>
            </param>
          </params>
          <reporter-output>
          </reporter-output>
        </test-method> <!-- setup -->
        <test-method signature="tc001_verifyLoginFunctionality(java.lang.String,java.lang.String)[pri:0, instance:com.WebAutomation.Tests.LoginTests@359f7cdf]" started-at="2026-04-18T21:32:26 IST" name="tc001_verifyLoginFunctionality" data-provider="Get Login Data" finished-at="2026-04-18T21:32:42 IST" duration-ms="16020" status="PASS">
          <params>
            <param index="0">
              <value>
                <![CDATA[admin 1]]>
              </value>
            </param>
            <param index="1">
              <value>
                <![CDATA[U5m0$PWk=vU]]>
              </value>
            </param>
          </params>
          <reporter-output>
          </reporter-output>
        </test-method> <!-- tc001_verifyLoginFunctionality -->
        <test-method is-config="true" signature="tearown(org.testng.ITestResult)[pri:0, instance:com.WebAutomation.Tests.LoginTests@359f7cdf]" started-at="2026-04-18T21:32:42 IST" name="tearown" finished-at="2026-04-18T21:32:42 IST" duration-ms="241" status="PASS">
          <params>
            <param index="0">
              <value>
                <![CDATA[[TestResult name=tc001_verifyLoginFunctionality status=SUCCESS method=LoginTests.tc001_verifyLoginFunctionality(java.lang.String,java.lang.String)[pri:0, instance:com.WebAutomation.Tests.LoginTests@359f7cdf] output={null}]]]>
              </value>
            </param>
          </params>
          <reporter-output>
          </reporter-output>
        </test-method> <!-- tearown -->
      </class> <!-- com.WebAutomation.Tests.LoginTests -->
    </test> <!-- ITSMChromeTest -->
    <test started-at="2026-04-18T21:32:42 IST" name="ITSMEdgeTest" finished-at="2026-04-18T21:34:25 IST" duration-ms="102581">
      <class name="com.WebAutomation.Tests.LoginTests">
        <test-method is-config="true" signature="setup(java.lang.String)[pri:0, instance:com.WebAutomation.Tests.LoginTests@48f2bd5b]" started-at="2026-04-18T21:32:42 IST" name="setup" finished-at="2026-04-18T21:32:49 IST" duration-ms="6357" status="PASS">
          <params>
            <param index="0">
              <value>
                <![CDATA[Edge]]>
              </value>
            </param>
          </params>
          <reporter-output>
          </reporter-output>
        </test-method> <!-- setup -->
        <test-method signature="tc001_verifyLoginFunctionality(java.lang.String,java.lang.String)[pri:0, instance:com.WebAutomation.Tests.LoginTests@48f2bd5b]" started-at="2026-04-18T21:32:49 IST" name="tc001_verifyLoginFunctionality" data-provider="Get Login Data" finished-at="2026-04-18T21:33:09 IST" duration-ms="20210" status="FAIL">
          <params>
            <param index="0">
              <value>
                <![CDATA[admin]]>
              </value>
            </param>
            <param index="1">
              <value>
                <![CDATA[63JIezx/Qk+B

]]>
              </value>
            </param>
          </params>
          <exception class="org.openqa.selenium.NoSuchElementException">
            <message>
              <![CDATA[no such element: Unable to locate element: {"method":"xpath","selector":"//button[@id='mask_icon']"}
  (Session info: MicrosoftEdge=147.0.3912.72)
For documentation on this error, please visit: https://www.selenium.dev/documentation/webdriver/troubleshooting/errors#nosuchelementexception
Build info: version: '4.41.0', revision: '9fc754f'
System info: os.name: 'Windows 11', os.arch: 'amd64', os.version: '10.0', java.version: '21.0.6'
Driver info: org.openqa.selenium.edge.EdgeDriver
Command: [7484cdf4602e49aeccc64da3e6e33de0, findElement {value=//button[@id='mask_icon'], using=xpath}]
Capabilities {acceptInsecureCerts: false, browserName: MicrosoftEdge, browserVersion: 147.0.3912.72, fedcm:accounts: true, goog:processID: 14488, ms:edgeOptions: {debuggerAddress: localhost:10645}, msedge: {msedgedriverVersion: 147.0.3912.72 (d4380ba2b9dc..., userDataDir: C:\Users\aparg\AppData\Loca...}, networkConnectionEnabled: false, pageLoadStrategy: normal, platformName: windows, proxy: Proxy(), se:cdp: ws://localhost:10645/devtoo..., se:cdpVersion: 147.0.3912.72, setWindowRect: true, strictFileInteractability: false, timeouts: {implicit: 0, pageLoad: 300000, script: 30000}, unhandledPromptBehavior: dismiss and notify, webauthn:extension:credBlob: true, webauthn:extension:largeBlob: true, webauthn:extension:minPinLength: true, webauthn:extension:prf: true, webauthn:virtualAuthenticators: true}
Session ID: 7484cdf4602e49aeccc64da3e6e33de0]]>
            </message>
            <full-stacktrace>
              <![CDATA[org.openqa.selenium.NoSuchElementException: no such element: Unable to locate element: {"method":"xpath","selector":"//button[@id='mask_icon']"}
  (Session info: MicrosoftEdge=147.0.3912.72)
For documentation on this error, please visit: https://www.selenium.dev/documentation/webdriver/troubleshooting/errors#nosuchelementexception
Build info: version: '4.41.0', revision: '9fc754f'
System info: os.name: 'Windows 11', os.arch: 'amd64', os.version: '10.0', java.version: '21.0.6'
Driver info: org.openqa.selenium.edge.EdgeDriver
Command: [7484cdf4602e49aeccc64da3e6e33de0, findElement {value=//button[@id='mask_icon'], using=xpath}]
Capabilities {acceptInsecureCerts: false, browserName: MicrosoftEdge, browserVersion: 147.0.3912.72, fedcm:accounts: true, goog:processID: 14488, ms:edgeOptions: {debuggerAddress: localhost:10645}, msedge: {msedgedriverVersion: 147.0.3912.72 (d4380ba2b9dc..., userDataDir: C:\Users\aparg\AppData\Loca...}, networkConnectionEnabled: false, pageLoadStrategy: normal, platformName: windows, proxy: Proxy(), se:cdp: ws://localhost:10645/devtoo..., se:cdpVersion: 147.0.3912.72, setWindowRect: true, strictFileInteractability: false, timeouts: {implicit: 0, pageLoad: 300000, script: 30000}, unhandledPromptBehavior: dismiss and notify, webauthn:extension:credBlob: true, webauthn:extension:largeBlob: true, webauthn:extension:minPinLength: true, webauthn:extension:prf: true, webauthn:virtualAuthenticators: true}
Session ID: 7484cdf4602e49aeccc64da3e6e33de0
at org.openqa.selenium.remote.ErrorCodec.decode(ErrorCodec.java:169)
at org.openqa.selenium.remote.codec.w3c.W3CHttpResponseCodec.decode(W3CHttpResponseCodec.java:142)
at org.openqa.selenium.remote.codec.w3c.W3CHttpResponseCodec.decode(W3CHttpResponseCodec.java:49)
at org.openqa.selenium.remote.HttpCommandExecutor.execute(HttpCommandExecutor.java:223)
at org.openqa.selenium.remote.service.DriverCommandExecutor.invokeExecute(DriverCommandExecutor.java:216)
at org.openqa.selenium.remote.service.DriverCommandExecutor.execute(DriverCommandExecutor.java:174)
at org.openqa.selenium.remote.RemoteWebDriver.execute(RemoteWebDriver.java:604)
at org.openqa.selenium.remote.ElementLocation$ElementFinder$2.findElement(ElementLocation.java:166)
at org.openqa.selenium.remote.ElementLocation.findElement(ElementLocation.java:60)
at org.openqa.selenium.remote.RemoteWebDriver.findElement(RemoteWebDriver.java:427)
at org.openqa.selenium.remote.RemoteWebDriver.findElement(RemoteWebDriver.java:421)
at com.WebAutomation.Pages.LoginPage.showPassword(LoginPage.java:37)
at com.WebAutomation.Tests.LoginTests.tc001_verifyLoginFunctionality(LoginTests.java:16)
at java.base/jdk.internal.reflect.DirectMethodHandleAccessor.invoke(DirectMethodHandleAccessor.java:103)
at java.base/java.lang.reflect.Method.invoke(Method.java:580)
at org.testng.internal.invokers.MethodInvocationHelper.invokeMethod(MethodInvocationHelper.java:141)
at org.testng.internal.invokers.TestInvoker.invokeMethod(TestInvoker.java:687)
at org.testng.internal.invokers.TestInvoker.invokeTestMethod(TestInvoker.java:230)
at org.testng.internal.invokers.MethodRunner.runInSequence(MethodRunner.java:63)
at org.testng.internal.invokers.TestInvoker$MethodInvocationAgent.invoke(TestInvoker.java:995)
at org.testng.internal.invokers.TestInvoker.invokeTestMethods(TestInvoker.java:203)
at org.testng.internal.invokers.TestMethodWorker.invokeTestMethods(TestMethodWorker.java:154)
at org.testng.internal.invokers.TestMethodWorker.run(TestMethodWorker.java:134)
at java.base/java.util.ArrayList.forEach(ArrayList.java:1596)
at org.testng.TestRunner.privateRun(TestRunner.java:741)
at org.testng.TestRunner.run(TestRunner.java:616)
at org.testng.SuiteRunner.runTest(SuiteRunner.java:421)
at org.testng.SuiteRunner.runSequentially(SuiteRunner.java:413)
at org.testng.SuiteRunner.privateRun(SuiteRunner.java:373)
at org.testng.SuiteRunner.run(SuiteRunner.java:312)
at org.testng.SuiteRunnerWorker.runSuite(SuiteRunnerWorker.java:52)
at org.testng.SuiteRunnerWorker.run(SuiteRunnerWorker.java:95)
at org.testng.TestNG.runSuitesSequentially(TestNG.java:1274)
at org.testng.TestNG.runSuitesLocally(TestNG.java:1208)
at org.testng.TestNG.runSuites(TestNG.java:1112)
at org.testng.TestNG.run(TestNG.java:1079)
at org.apache.maven.surefire.testng.TestNGExecutor.run(TestNGExecutor.java:308)
at org.apache.maven.surefire.testng.TestNGXmlTestSuite.execute(TestNGXmlTestSuite.java:71)
at org.apache.maven.surefire.testng.TestNGProvider.invoke(TestNGProvider.java:113)
at org.apache.maven.surefire.booter.ForkedBooter.runSuitesInProcess(ForkedBooter.java:385)
at org.apache.maven.surefire.booter.ForkedBooter.execute(ForkedBooter.java:162)
at org.apache.maven.surefire.booter.ForkedBooter.run(ForkedBooter.java:507)
at org.apache.maven.surefire.booter.ForkedBooter.main(ForkedBooter.java:495)
]]>
            </full-stacktrace>
          </exception> <!-- org.openqa.selenium.NoSuchElementException -->
          <reporter-output>
          </reporter-output>
        </test-method> <!-- tc001_verifyLoginFunctionality -->
        <test-method is-config="true" signature="tearown(org.testng.ITestResult)[pri:0, instance:com.WebAutomation.Tests.LoginTests@48f2bd5b]" started-at="2026-04-18T21:33:09 IST" name="tearown" finished-at="2026-04-18T21:33:09 IST" duration-ms="474" status="PASS">
          <params>
            <param index="0">
              <value>
                <![CDATA[[TestResult name=tc001_verifyLoginFunctionality status=FAILURE method=LoginTests.tc001_verifyLoginFunctionality(java.lang.String,java.lang.String)[pri:0, instance:com.WebAutomation.Tests.LoginTests@48f2bd5b] output={null}]]]>
              </value>
            </param>
          </params>
          <reporter-output>
          </reporter-output>
        </test-method> <!-- tearown -->
        <test-method is-config="true" signature="setup(java.lang.String)[pri:0, instance:com.WebAutomation.Tests.LoginTests@48f2bd5b]" started-at="2026-04-18T21:33:09 IST" name="setup" finished-at="2026-04-18T21:33:16 IST" duration-ms="6431" status="PASS">
          <params>
            <param index="0">
              <value>
                <![CDATA[Edge]]>
              </value>
            </param>
          </params>
          <reporter-output>
          </reporter-output>
        </test-method> <!-- setup -->
        <test-method signature="tc001_verifyLoginFunctionality(java.lang.String,java.lang.String)[pri:0, instance:com.WebAutomation.Tests.LoginTests@48f2bd5b]" started-at="2026-04-18T21:33:16 IST" name="tc001_verifyLoginFunctionality" data-provider="Get Login Data" finished-at="2026-04-18T21:33:34 IST" duration-ms="17732" status="PASS">
          <params>
            <param index="0">
              <value>
                <![CDATA[admin ]]>
              </value>
            </param>
            <param index="1">
              <value>
                <![CDATA[pU5m0$PWk=v]]>
              </value>
            </param>
          </params>
          <reporter-output>
          </reporter-output>
        </test-method> <!-- tc001_verifyLoginFunctionality -->
        <test-method is-config="true" signature="tearown(org.testng.ITestResult)[pri:0, instance:com.WebAutomation.Tests.LoginTests@48f2bd5b]" started-at="2026-04-18T21:33:34 IST" name="tearown" finished-at="2026-04-18T21:33:34 IST" duration-ms="396" status="PASS">
          <params>
            <param index="0">
              <value>
                <![CDATA[[TestResult name=tc001_verifyLoginFunctionality status=SUCCESS method=LoginTests.tc001_verifyLoginFunctionality(java.lang.String,java.lang.String)[pri:0, instance:com.WebAutomation.Tests.LoginTests@48f2bd5b] output={null}]]]>
              </value>
            </param>
          </params>
          <reporter-output>
          </reporter-output>
        </test-method> <!-- tearown -->
        <test-method is-config="true" signature="setup(java.lang.String)[pri:0, instance:com.WebAutomation.Tests.LoginTests@48f2bd5b]" started-at="2026-04-18T21:33:34 IST" name="setup" finished-at="2026-04-18T21:33:40 IST" duration-ms="6234" status="PASS">
          <params>
            <param index="0">
              <value>
                <![CDATA[Edge]]>
              </value>
            </param>
          </params>
          <reporter-output>
          </reporter-output>
        </test-method> <!-- setup -->
        <test-method signature="tc001_verifyLoginFunctionality(java.lang.String,java.lang.String)[pri:0, instance:com.WebAutomation.Tests.LoginTests@48f2bd5b]" started-at="2026-04-18T21:33:40 IST" name="tc001_verifyLoginFunctionality" data-provider="Get Login Data" finished-at="2026-04-18T21:34:00 IST" duration-ms="19927" status="PASS">
          <params>
            <param index="0">
              <value>
                <![CDATA[admin 3]]>
              </value>
            </param>
            <param index="1">
              <value>
                <![CDATA[pU5m0$PWk=vU]]>
              </value>
            </param>
          </params>
          <reporter-output>
          </reporter-output>
        </test-method> <!-- tc001_verifyLoginFunctionality -->
        <test-method is-config="true" signature="tearown(org.testng.ITestResult)[pri:0, instance:com.WebAutomation.Tests.LoginTests@48f2bd5b]" started-at="2026-04-18T21:34:00 IST" name="tearown" finished-at="2026-04-18T21:34:01 IST" duration-ms="415" status="PASS">
          <params>
            <param index="0">
              <value>
                <![CDATA[[TestResult name=tc001_verifyLoginFunctionality status=SUCCESS method=LoginTests.tc001_verifyLoginFunctionality(java.lang.String,java.lang.String)[pri:0, instance:com.WebAutomation.Tests.LoginTests@48f2bd5b] output={null}]]]>
              </value>
            </param>
          </params>
          <reporter-output>
          </reporter-output>
        </test-method> <!-- tearown -->
        <test-method is-config="true" signature="setup(java.lang.String)[pri:0, instance:com.WebAutomation.Tests.LoginTests@48f2bd5b]" started-at="2026-04-18T21:34:01 IST" name="setup" finished-at="2026-04-18T21:34:07 IST" duration-ms="6096" status="PASS">
          <params>
            <param index="0">
              <value>
                <![CDATA[Edge]]>
              </value>
            </param>
          </params>
          <reporter-output>
          </reporter-output>
        </test-method> <!-- setup -->
        <test-method signature="tc001_verifyLoginFunctionality(java.lang.String,java.lang.String)[pri:0, instance:com.WebAutomation.Tests.LoginTests@48f2bd5b]" started-at="2026-04-18T21:34:07 IST" name="tc001_verifyLoginFunctionality" data-provider="Get Login Data" finished-at="2026-04-18T21:34:25 IST" duration-ms="17958" status="PASS">
          <params>
            <param index="0">
              <value>
                <![CDATA[admin 1]]>
              </value>
            </param>
            <param index="1">
              <value>
                <![CDATA[U5m0$PWk=vU]]>
              </value>
            </param>
          </params>
          <reporter-output>
          </reporter-output>
        </test-method> <!-- tc001_verifyLoginFunctionality -->
        <test-method is-config="true" signature="tearown(org.testng.ITestResult)[pri:0, instance:com.WebAutomation.Tests.LoginTests@48f2bd5b]" started-at="2026-04-18T21:34:25 IST" name="tearown" finished-at="2026-04-18T21:34:25 IST" duration-ms="290" status="PASS">
          <params>
            <param index="0">
              <value>
                <![CDATA[[TestResult name=tc001_verifyLoginFunctionality status=SUCCESS method=LoginTests.tc001_verifyLoginFunctionality(java.lang.String,java.lang.String)[pri:0, instance:com.WebAutomation.Tests.LoginTests@48f2bd5b] output={null}]]]>
              </value>
            </param>
          </params>
          <reporter-output>
          </reporter-output>
        </test-method> <!-- tearown -->
      </class> <!-- com.WebAutomation.Tests.LoginTests -->
    </test> <!-- ITSMEdgeTest -->
  </suite> <!-- ITSMSuite -->
</testng-results>
