<?xml version="1.0" encoding="UTF-8"?>
<!-- Generated by org.testng.reporters.JUnitXMLReporter -->
<testsuite ignored="0" hostname="LAPTOP-MRTAKQBR" failures="1" tests="4" name="ITSMEdgeTest" time="103.633" errors="0" timestamp="2026-04-12T16:39:18 IST">
  <testcase classname="com.WebAutomation.Tests.LoginTests" name="tc001_verifyLoginFunctionality" time="20.197">
    <failure type="org.openqa.selenium.NoSuchElementException" message="no such element: Unable to locate element: {&amp;quot;method&amp;quot;:&amp;quot;xpath&amp;quot;,&amp;quot;selector&amp;quot;:&amp;quot;//button[@type=&amp;apos;submit&amp;apos;]&amp;quot;}
  (Session info: MicrosoftEdge=146.0.3856.109)
For documentation on this error, please visit: https://www.selenium.dev/documentation/webdriver/troubleshooting/errors#nosuchelementexception
Build info: version: &amp;apos;4.41.0&amp;apos;, revision: &amp;apos;9fc754f&amp;apos;
System info: os.name: &amp;apos;Windows 11&amp;apos;, os.arch: &amp;apos;amd64&amp;apos;, os.version: &amp;apos;10.0&amp;apos;, java.version: &amp;apos;18.0.2&amp;apos;
Driver info: org.openqa.selenium.edge.EdgeDriver
Command: [f972ea712577cfeb2695bfa579c7680e, findElement {value=//button[@type=&amp;apos;submit&amp;apos;], using=xpath}]
Capabilities {acceptInsecureCerts: false, browserName: MicrosoftEdge, browserVersion: 146.0.3856.109, fedcm:accounts: true, goog:processID: 23840, ms:edgeOptions: {debuggerAddress: localhost:12524}, msedge: {msedgedriverVersion: 146.0.3856.117 (815dfd5fefd..., userDataDir: C:\Users\aparg\AppData\Loca...}, networkConnectionEnabled: false, pageLoadStrategy: normal, platformName: windows, proxy: Proxy(), se:cdp: ws://localhost:12524/devtoo..., se:cdpVersion: 146.0.3856.109, setWindowRect: true, strictFileInteractability: false, timeouts: {implicit: 0, pageLoad: 300000, script: 30000}, unhandledPromptBehavior: dismiss and notify, webauthn:extension:credBlob: true, webauthn:extension:largeBlob: true, webauthn:extension:minPinLength: true, webauthn:extension:prf: true, webauthn:virtualAuthenticators: true}
Session ID: f972ea712577cfeb2695bfa579c7680e">
      <![CDATA[org.openqa.selenium.NoSuchElementException: no such element: Unable to locate element: {"method":"xpath","selector":"//button[@type='submit']"}
  (Session info: MicrosoftEdge=146.0.3856.109)
For documentation on this error, please visit: https://www.selenium.dev/documentation/webdriver/troubleshooting/errors#nosuchelementexception
Build info: version: '4.41.0', revision: '9fc754f'
System info: os.name: 'Windows 11', os.arch: 'amd64', os.version: '10.0', java.version: '18.0.2'
Driver info: org.openqa.selenium.edge.EdgeDriver
Command: [f972ea712577cfeb2695bfa579c7680e, findElement {value=//button[@type='submit'], using=xpath}]
Capabilities {acceptInsecureCerts: false, browserName: MicrosoftEdge, browserVersion: 146.0.3856.109, fedcm:accounts: true, goog:processID: 23840, ms:edgeOptions: {debuggerAddress: localhost:12524}, msedge: {msedgedriverVersion: 146.0.3856.117 (815dfd5fefd..., userDataDir: C:\Users\aparg\AppData\Loca...}, networkConnectionEnabled: false, pageLoadStrategy: normal, platformName: windows, proxy: Proxy(), se:cdp: ws://localhost:12524/devtoo..., se:cdpVersion: 146.0.3856.109, setWindowRect: true, strictFileInteractability: false, timeouts: {implicit: 0, pageLoad: 300000, script: 30000}, unhandledPromptBehavior: dismiss and notify, webauthn:extension:credBlob: true, webauthn:extension:largeBlob: true, webauthn:extension:minPinLength: true, webauthn:extension:prf: true, webauthn:virtualAuthenticators: true}
Session ID: f972ea712577cfeb2695bfa579c7680e
at org.openqa.selenium.remote.ErrorCodec.decode(ErrorCodec.java:169)
at org.openqa.selenium.remote.codec.w3c.W3CHttpResponseCodec.decode(W3CHttpResponseCodec.java:142)
at org.openqa.selenium.remote.codec.w3c.W3CHttpResponseCodec.decode(W3CHttpResponseCodec.java:49)
at org.openqa.selenium.remote.HttpCommandExecutor.execute(HttpCommandExecutor.java:223)
at org.openqa.selenium.remote.service.DriverCommandExecutor.invokeExecute(DriverCommandExecutor.java:216)
at org.openqa.selenium.remote.service.DriverCommandExecutor.execute(DriverCommandExecutor.java:174)
at org.openqa.selenium.remote.RemoteWebDriver.execute(RemoteWebDriver.java:604)
at org.openqa.selenium.remote.ElementLocation$ElementFinder$2.findElement(ElementLocation.java:166)
at org.openqa.selenium.remote.ElementLocation.findElement(ElementLocation.java:60)
at org.openqa.selenium.remote.RemoteWebDriver.findElement(RemoteWebDriver.java:427)
at org.openqa.selenium.remote.RemoteWebDriver.findElement(RemoteWebDriver.java:421)
at com.WebAutomation.Pages.LoginPage.clickLogin(LoginPage.java:43)
at com.WebAutomation.Tests.LoginTests.tc001_verifyLoginFunctionality(LoginTests.java:16)
at java.base/java.util.ArrayList.forEach(ArrayList.java:1511)
... Removed 25 stack frames]]>
    </failure>
  </testcase> <!-- tc001_verifyLoginFunctionality -->
  <testcase classname="com.WebAutomation.Tests.LoginTests" name="tc001_verifyLoginFunctionality" time="18.289"/>
  <testcase classname="com.WebAutomation.Tests.LoginTests" name="tc001_verifyLoginFunctionality" time="17.948"/>
  <testcase classname="com.WebAutomation.Tests.LoginTests" name="tc001_verifyLoginFunctionality" time="16.452"/>
</testsuite> <!-- ITSMEdgeTest -->
